  MainProgram.cpp
k:\exes\programs\source\拖控件大法\mainprogram\controls.h(282): warning C4060: switch statement contains no 'case' or 'default' labels
k:\exes\programs\source\拖控件大法\mainprogram\controls.h(289): warning C4060: switch statement contains no 'case' or 'default' labels
k:\exes\programs\source\拖控件大法\mainprogram\controls.h(751): warning C4996: 'itoa': The POSIX name for this item is deprecated. Instead, use the ISO C++ conformant name: _itoa. See online help for details.
          c:\program files (x86)\microsoft visual studio 12.0\vc\include\stdlib.h(937) : see declaration of 'itoa'
k:\exes\programs\source\拖控件大法\mainprogram\controls.h(868): warning C4996: 'itoa': The POSIX name for this item is deprecated. Instead, use the ISO C++ conformant name: _itoa. See online help for details.
          c:\program files (x86)\microsoft visual studio 12.0\vc\include\stdlib.h(937) : see declaration of 'itoa'
k:\exes\programs\source\拖控件大法\mainprogram\controls.h(1023): warning C4996: 'itoa': The POSIX name for this item is deprecated. Instead, use the ISO C++ conformant name: _itoa. See online help for details.
          c:\program files (x86)\microsoft visual studio 12.0\vc\include\stdlib.h(937) : see declaration of 'itoa'
k:\exes\programs\source\拖控件大法\mainprogram\controls.h(1226): warning C4800: 'LRESULT' : forcing value to bool 'true' or 'false' (performance warning)
k:\exes\programs\source\拖控件大法\mainprogram\controls.h(1236): warning C4800: 'LRESULT' : forcing value to bool 'true' or 'false' (performance warning)
k:\exes\programs\source\拖控件大法\mainprogram\controls.h(1498): warning C4996: 'itoa': The POSIX name for this item is deprecated. Instead, use the ISO C++ conformant name: _itoa. See online help for details.
          c:\program files (x86)\microsoft visual studio 12.0\vc\include\stdlib.h(937) : see declaration of 'itoa'
k:\exes\programs\source\拖控件大法\mainprogram\controls.h(1563): warning C4800: 'LRESULT' : forcing value to bool 'true' or 'false' (performance warning)
k:\exes\programs\source\拖控件大法\mainprogram\controls.h(1631): warning C4996: 'itoa': The POSIX name for this item is deprecated. Instead, use the ISO C++ conformant name: _itoa. See online help for details.
          c:\program files (x86)\microsoft visual studio 12.0\vc\include\stdlib.h(937) : see declaration of 'itoa'
k:\exes\programs\source\拖控件大法\mainprogram\controls.h(1793): warning C4996: 'itoa': The POSIX name for this item is deprecated. Instead, use the ISO C++ conformant name: _itoa. See online help for details.
          c:\program files (x86)\microsoft visual studio 12.0\vc\include\stdlib.h(937) : see declaration of 'itoa'
k:\exes\programs\source\拖控件大法\mainprogram\controls.h(2120): warning C4800: 'LRESULT' : forcing value to bool 'true' or 'false' (performance warning)
k:\exes\programs\source\拖控件大法\mainprogram\controls.h(2661): warning C4800: 'LRESULT' : forcing value to bool 'true' or 'false' (performance warning)
k:\exes\programs\source\拖控件大法\mainprogram\controls.h(2672): warning C4800: 'LRESULT' : forcing value to bool 'true' or 'false' (performance warning)
k:\exes\programs\source\拖控件大法\mainprogram\controls.h(2703): warning C4800: 'LRESULT' : forcing value to bool 'true' or 'false' (performance warning)
k:\exes\programs\source\拖控件大法\mainprogram\controls.h(2712): warning C4800: 'LRESULT' : forcing value to bool 'true' or 'false' (performance warning)
k:\exes\programs\source\拖控件大法\mainprogram\controls.h(2721): warning C4800: 'LRESULT' : forcing value to bool 'true' or 'false' (performance warning)
k:\exes\programs\source\拖控件大法\mainprogram\controls.h(2763): warning C4800: 'LRESULT' : forcing value to bool 'true' or 'false' (performance warning)
k:\exes\programs\source\拖控件大法\mainprogram\controls.h(2773): warning C4800: 'LRESULT' : forcing value to bool 'true' or 'false' (performance warning)
k:\exes\programs\source\拖控件大法\mainprogram\controls.h(2783): warning C4800: 'LRESULT' : forcing value to bool 'true' or 'false' (performance warning)
k:\exes\programs\source\拖控件大法\mainprogram\controls.h(2821): warning C4800: 'LRESULT' : forcing value to bool 'true' or 'false' (performance warning)
k:\exes\programs\source\拖控件大法\mainprogram\controls.h(2846): warning C4800: 'LRESULT' : forcing value to bool 'true' or 'false' (performance warning)
k:\exes\programs\source\拖控件大法\mainprogram\controls.h(2966): warning C4800: 'LRESULT' : forcing value to bool 'true' or 'false' (performance warning)
k:\exes\programs\source\拖控件大法\mainprogram\controls.h(3004): warning C4800: 'LRESULT' : forcing value to bool 'true' or 'false' (performance warning)
k:\exes\programs\source\拖控件大法\mainprogram\controls.h(3116): warning C4800: 'LRESULT' : forcing value to bool 'true' or 'false' (performance warning)
k:\exes\programs\source\拖控件大法\mainprogram\controls.h(3162): warning C4800: 'LRESULT' : forcing value to bool 'true' or 'false' (performance warning)
k:\exes\programs\source\拖控件大法\mainprogram\controls.h(3229): warning C4800: 'LRESULT' : forcing value to bool 'true' or 'false' (performance warning)
k:\exes\programs\source\拖控件大法\mainprogram\controls.h(3238): warning C4800: 'LRESULT' : forcing value to bool 'true' or 'false' (performance warning)
k:\exes\programs\source\拖控件大法\mainprogram\controls.h(3300): warning C4800: 'LRESULT' : forcing value to bool 'true' or 'false' (performance warning)
k:\exes\programs\source\拖控件大法\mainprogram\controls.h(3363): warning C4800: 'LRESULT' : forcing value to bool 'true' or 'false' (performance warning)
k:\exes\programs\source\拖控件大法\mainprogram\controls.h(3425): warning C4800: 'LRESULT' : forcing value to bool 'true' or 'false' (performance warning)
k:\exes\programs\source\拖控件大法\mainprogram\controls.h(3437): warning C4800: 'LRESULT' : forcing value to bool 'true' or 'false' (performance warning)
k:\exes\programs\source\拖控件大法\mainprogram\controls.h(3447): warning C4800: 'LRESULT' : forcing value to bool 'true' or 'false' (performance warning)
k:\exes\programs\source\拖控件大法\mainprogram\controls.h(3457): warning C4800: 'LRESULT' : forcing value to bool 'true' or 'false' (performance warning)
k:\exes\programs\source\拖控件大法\mainprogram\controls.h(3463): warning C4800: 'LRESULT' : forcing value to bool 'true' or 'false' (performance warning)
k:\exes\programs\source\拖控件大法\mainprogram\controls.h(3643): warning C4800: 'LRESULT' : forcing value to bool 'true' or 'false' (performance warning)
k:\exes\programs\source\拖控件大法\mainprogram\controls.h(3663): warning C4996: 'itoa': The POSIX name for this item is deprecated. Instead, use the ISO C++ conformant name: _itoa. See online help for details.
          c:\program files (x86)\microsoft visual studio 12.0\vc\include\stdlib.h(937) : see declaration of 'itoa'
k:\exes\programs\source\拖控件大法\mainprogram\controls.h(3784): warning C4800: 'LRESULT' : forcing value to bool 'true' or 'false' (performance warning)
k:\exes\programs\source\拖控件大法\mainprogram\controls.h(3808): warning C4800: 'LRESULT' : forcing value to bool 'true' or 'false' (performance warning)
k:\exes\programs\source\拖控件大法\mainprogram\controls.h(3810): warning C4800: 'LRESULT' : forcing value to bool 'true' or 'false' (performance warning)
k:\exes\programs\source\拖控件大法\mainprogram\controls.h(3820): warning C4800: 'LRESULT' : forcing value to bool 'true' or 'false' (performance warning)
k:\exes\programs\source\拖控件大法\mainprogram\controls.h(3877): warning C4800: 'LRESULT' : forcing value to bool 'true' or 'false' (performance warning)
k:\exes\programs\source\拖控件大法\mainprogram\controls.h(3912): warning C4800: 'LRESULT' : forcing value to bool 'true' or 'false' (performance warning)
k:\exes\programs\source\拖控件大法\mainprogram\controls.h(3931): warning C4800: 'LRESULT' : forcing value to bool 'true' or 'false' (performance warning)
k:\exes\programs\source\拖控件大法\mainprogram\controls.h(3950): warning C4800: 'LRESULT' : forcing value to bool 'true' or 'false' (performance warning)
k:\exes\programs\source\拖控件大法\mainprogram\controls.h(3991): warning C4800: 'LRESULT' : forcing value to bool 'true' or 'false' (performance warning)
k:\exes\programs\source\拖控件大法\mainprogram\controls.h(4038): warning C4172: returning address of local variable or temporary
k:\exes\programs\source\拖控件大法\mainprogram\controls.h(4047): warning C4800: 'LRESULT' : forcing value to bool 'true' or 'false' (performance warning)
k:\exes\programs\source\拖控件大法\mainprogram\controls.h(4074): warning C4800: 'LRESULT' : forcing value to bool 'true' or 'false' (performance warning)
k:\exes\programs\source\拖控件大法\mainprogram\controls.h(4226): warning C4996: 'itoa': The POSIX name for this item is deprecated. Instead, use the ISO C++ conformant name: _itoa. See online help for details.
          c:\program files (x86)\microsoft visual studio 12.0\vc\include\stdlib.h(937) : see declaration of 'itoa'
k:\exes\programs\source\拖控件大法\mainprogram\controls.h(4235): warning C4172: returning address of local variable or temporary
  MainProgram.vcxproj -> K:\EXEs\Programs\Source\拖控件大法\MainProgram\.\Debug\MainProgram.exe
